0 info it worked if it ends with ok
1 verbose cli [ 'node', '/usr/local/bin/npm', 'run', 'dev' ]
2 info using npm@3.5.1
3 info using node@v0.12.6
4 verbose run-script [ 'predev', 'dev', 'postdev' ]
5 info lifecycle vue-loader-example@2.0.0~predev: vue-loader-example@2.0.0
6 silly lifecycle vue-loader-example@2.0.0~predev: no script for predev, continuing
7 info lifecycle vue-loader-example@2.0.0~dev: vue-loader-example@2.0.0
8 verbose lifecycle vue-loader-example@2.0.0~dev: unsafe-perm in lifecycle true
9 verbose lifecycle vue-loader-example@2.0.0~dev: PATH: /usr/local/lib/node_modules/npm/bin/node-gyp-bin:/Users/vace/MyGithub/GameDev/vue/node_modules/.bin:/usr/local/bin:/usr/bin:/bin:/usr/sbin:/sbin
10 verbose lifecycle vue-loader-example@2.0.0~dev: CWD: /Users/vace/MyGithub/GameDev/vue
11 silly lifecycle vue-loader-example@2.0.0~dev: Args: [ '-c', 'webpack-dev-server --inline --hot --quiet' ]
12 silly lifecycle vue-loader-example@2.0.0~dev: Returned: code: 1  signal: null
13 info lifecycle vue-loader-example@2.0.0~dev: Failed to exec dev script
14 verbose stack Error: vue-loader-example@2.0.0 dev: `webpack-dev-server --inline --hot --quiet`
14 verbose stack Exit status 1
14 verbose stack     at EventEmitter.<anonymous> (/usr/local/lib/node_modules/npm/lib/utils/lifecycle.js:232:16)
14 verbose stack     at EventEmitter.emit (events.js:110:17)
14 verbose stack     at ChildProcess.<anonymous> (/usr/local/lib/node_modules/npm/lib/utils/spawn.js:24:14)
14 verbose stack     at ChildProcess.emit (events.js:110:17)
14 verbose stack     at maybeClose (child_process.js:1015:16)
14 verbose stack     at Process.ChildProcess._handle.onexit (child_process.js:1087:5)
15 verbose pkgid vue-loader-example@2.0.0
16 verbose cwd /Users/vace/MyGithub/GameDev/vue
17 error Darwin 14.3.0
18 error argv "node" "/usr/local/bin/npm" "run" "dev"
19 error node v0.12.6
20 error npm  v3.5.1
21 error code ELIFECYCLE
22 error vue-loader-example@2.0.0 dev: `webpack-dev-server --inline --hot --quiet`
22 error Exit status 1
23 error Failed at the vue-loader-example@2.0.0 dev script 'webpack-dev-server --inline --hot --quiet'.
23 error Make sure you have the latest version of node.js and npm installed.
23 error If you do, this is most likely a problem with the vue-loader-example package,
23 error not with npm itself.
23 error Tell the author that this fails on your system:
23 error     webpack-dev-server --inline --hot --quiet
23 error You can get information on how to open an issue for this project with:
23 error     npm bugs vue-loader-example
23 error Or if that isn't available, you can get their info via:
23 error     npm owner ls vue-loader-example
23 error There is likely additional logging output above.
24 verbose exit [ 1, true ]
